Using pre-set license
Built from '2020.3/release' branch; Version is '2020.3.34f1 (9a4c9c70452b) revision 10112156'; Using compiler version '192528614'; Build Type 'Release'
OS: 'Windows 11  (10.0.22000) 64bit Core' Language: 'en' Physical Memory: 8013 MB
BatchMode: 1, IsHumanControllingUs: 0, StartBugReporterOnCrash: 0, Is64bit: 1, IsPro: 0

COMMAND LINE ARGUMENTS:
C:\Program Files\Unity\Hub\Editor\2020.3.34f1\Editor\Unity.exe
-adb2
-batchMode
-noUpm
-name
AssetImportWorker0
-projectPath
C:/Users/qenious/Desktop/Box Carrier/Box Carrier/Box-Carrier
-logFile
Logs/AssetImportWorker0.log
-srvPort
60253
Successfully changed project path to: C:/Users/qenious/Desktop/Box Carrier/Box Carrier/Box-Carrier
C:/Users/qenious/Desktop/Box Carrier/Box Carrier/Box-Carrier
Using Asset Import Pipeline V2.
Refreshing native plugins compatible for Editor in 121.01 ms, found 2 plugins.
Preloading 0 native plugins for Editor in 0.00 ms.
Initialize engine version: 2020.3.34f1 (9a4c9c70452b)
[Subsystems] Discovering subsystems at path C:/Program Files/Unity/Hub/Editor/2020.3.34f1/Editor/Data/Resources/UnitySubsystems
[Subsystems] Discovering subsystems at path C:/Users/qenious/Desktop/Box Carrier/Box Carrier/Box-Carrier/Assets
GfxDevice: creating device client; threaded=0
Direct3D:
    Version:  Direct3D 11.0 [level 11.1]
    Renderer: NVIDIA GeForce MX230 (ID=0x1d11)
    Vendor:   
    VRAM:     1984 MB
    Driver:   30.0.15.1259
Initialize mono
Mono path[0] = 'C:/Program Files/Unity/Hub/Editor/2020.3.34f1/Editor/Data/Managed'
Mono path[1] = 'C:/Program Files/Unity/Hub/Editor/2020.3.34f1/Editor/Data/MonoBleedingEdge/lib/mono/unityjit'
Mono config path = 'C:/Program Files/Unity/Hub/Editor/2020.3.34f1/Editor/Data/MonoBleedingEdge/etc'
Using monoOptions --debugger-agent=transport=dt_socket,embedding=1,server=y,suspend=n,address=127.0.0.1:56892
Begin MonoManager ReloadAssembly
Registering precompiled unity dll's ...
Register platform support module: C:/Program Files/Unity/Hub/Editor/2020.3.34f1/Editor/Data/PlaybackEngines/WebGLSupport/UnityEditor.WebGL.Extensions.dll
Register platform support module: C:/Program Files/Unity/Hub/Editor/2020.3.34f1/Editor/Data/PlaybackEngines/WindowsStandaloneSupport/UnityEditor.WindowsStandalone.Extensions.dll
Registered in 0.003687 seconds.
Native extension for WindowsStandalone target not found
Native extension for WebGL target not found
Refreshing native plugins compatible for Editor in 110.73 ms, found 2 plugins.
Preloading 0 native plugins for Editor in 0.00 ms.
Mono: successfully reloaded assembly
- Completed reload, in  1.449 seconds
Domain Reload Profiling:
	ReloadAssembly (1450ms)
		BeginReloadAssembly (135ms)
			ExecutionOrderSort (0ms)
			DisableScriptedObjects (0ms)
			BackupInstance (0ms)
			ReleaseScriptingObjects (0ms)
			CreateAndSetChildDomain (2ms)
		EndReloadAssembly (1135ms)
			LoadAssemblies (131ms)
			RebuildTransferFunctionScriptingTraits (0ms)
			SetupTypeCache (372ms)
			ReleaseScriptCaches (0ms)
			RebuildScriptCaches (72ms)
			SetupLoadedEditorAssemblies (427ms)
				LogAssemblyErrors (0ms)
				InitializePlatformSupportModulesInManaged (13ms)
				SetLoadedEditorAssemblies (1ms)
				RefreshPlugins (111ms)
				BeforeProcessingInitializeOnLoad (38ms)
				ProcessInitializeOnLoadAttributes (200ms)
				ProcessInitializeOnLoadMethodAttributes (64ms)
				AfterProcessingInitializeOnLoad (0ms)
				EditorAssembliesLoaded (1ms)
			ExecutionOrderSort2 (0ms)
			AwakeInstancesAfterBackupRestoration (0ms)
Platform modules already initialized, skipping
Registering precompiled user dll's ...
Registered in 0.007093 seconds.
Begin MonoManager ReloadAssembly
Native extension for WindowsStandalone target not found
Native extension for WebGL target not found
Refreshing native plugins compatible for Editor in 108.11 ms, found 2 plugins.
Preloading 0 native plugins for Editor in 0.00 ms.
Mono: successfully reloaded assembly
- Completed reload, in  2.929 seconds
Domain Reload Profiling:
	ReloadAssembly (2931ms)
		BeginReloadAssembly (578ms)
			ExecutionOrderSort (0ms)
			DisableScriptedObjects (14ms)
			BackupInstance (0ms)
			ReleaseScriptingObjects (0ms)
			CreateAndSetChildDomain (47ms)
		EndReloadAssembly (2199ms)
			LoadAssemblies (235ms)
			RebuildTransferFunctionScriptingTraits (0ms)
			SetupTypeCache (754ms)
			ReleaseScriptCaches (2ms)
			RebuildScriptCaches (112ms)
			SetupLoadedEditorAssemblies (797ms)
				LogAssemblyErrors (0ms)
				InitializePlatformSupportModulesInManaged (9ms)
				SetLoadedEditorAssemblies (0ms)
				RefreshPlugins (108ms)
				BeforeProcessingInitializeOnLoad (173ms)
				ProcessInitializeOnLoadAttributes (463ms)
				ProcessInitializeOnLoadMethodAttributes (33ms)
				AfterProcessingInitializeOnLoad (9ms)
				EditorAssembliesLoaded (1ms)
			ExecutionOrderSort2 (0ms)
			AwakeInstancesAfterBackupRestoration (5ms)
Platform modules already initialized, skipping
========================================================================
Worker process is ready to serve import requests
Launched and connected shader compiler UnityShaderCompiler.exe after 0.09 seconds
Refreshing native plugins compatible for Editor in 1.56 ms, found 2 plugins.
Preloading 0 native plugins for Editor in 0.00 ms.
Unloading 2010 Unused Serialized files (Serialized files now loaded: 0)
System memory in use before: 92.3 MB.
System memory in use after: 92.3 MB.

Unloading 19 unused Assets to reduce memory usage. Loaded Objects now: 2450.
Total: 8.851300 ms (FindLiveObjects: 0.296700 ms CreateObjectMapping: 0.205200 ms MarkObjects: 8.089300 ms  DeleteObjects: 0.257700 ms)

AssetImportParameters requested are different than current active one (requested -> active):
  custom:framework-win-MediaFoundation: 216162199b28c13a410421893ffa2e32 -> 
  custom:video-decoder-ogg-theora: a1e56fd34408186e4bbccfd4996cb3dc -> 
  custom:container-muxer-webm: aa71ff27fc2769a1b78a27578f13a17b -> 
  custom:container-demuxer-webm: 4f35f7cbe854078d1ac9338744f61a02 -> 
  custom:container-demuxer-ogg: 62fdf1f143b41e24485cea50d1cbac27 -> 
  custom:video-encoder-webm-vp8: eb34c28f22e8b96e1ab97ce403110664 -> 
  custom:video-decoder-webm-vp8: 9c59270c3fd7afecdb556c50c9e8de78 -> 
  custom:audio-decoder-ogg-vorbis: bf7c407c2cedff20999df2af8eb42d56 -> 
  custom:audio-encoder-webm-vorbis: bf7c407c2cedff20999df2af8eb42d56 -> 
========================================================================
Received Import Request.
  path: Assets/Game Folder/Scripts/CollectManager.cs
  artifactKey: Guid(f750f23452105074e818068c72d42886) Importer(815301076,1909f56bfc062723c751e8b465ee728b)
Start importing Assets/Game Folder/Scripts/CollectManager.cs using Guid(f750f23452105074e818068c72d42886) Importer(815301076,1909f56bfc062723c751e8b465ee728b)  -> (artifact id: '5b5086cce9b35f33c5a85218271ac4e8') in 0.101659 seconds 
========================================================================
Received Prepare
Registering precompiled user dll's ...
Registered in 0.006068 seconds.
Begin MonoManager ReloadAssembly
Native extension for WindowsStandalone target not found
Native extension for WebGL target not found
Refreshing native plugins compatible for Editor in 1.04 ms, found 2 plugins.
Preloading 0 native plugins for Editor in 0.00 ms.
Mono: successfully reloaded assembly
- Completed reload, in  2.404 seconds
Domain Reload Profiling:
	ReloadAssembly (2405ms)
		BeginReloadAssembly (288ms)
			ExecutionOrderSort (0ms)
			DisableScriptedObjects (10ms)
			BackupInstance (0ms)
			ReleaseScriptingObjects (0ms)
			CreateAndSetChildDomain (69ms)
		EndReloadAssembly (1950ms)
			LoadAssemblies (240ms)
			RebuildTransferFunctionScriptingTraits (0ms)
			SetupTypeCache (708ms)
			ReleaseScriptCaches (2ms)
			RebuildScriptCaches (95ms)
			SetupLoadedEditorAssemblies (691ms)
				LogAssemblyErrors (0ms)
				InitializePlatformSupportModulesInManaged (12ms)
				SetLoadedEditorAssemblies (1ms)
				RefreshPlugins (1ms)
				BeforeProcessingInitializeOnLoad (177ms)
				ProcessInitializeOnLoadAttributes (459ms)
				ProcessInitializeOnLoadMethodAttributes (31ms)
				AfterProcessingInitializeOnLoad (9ms)
				EditorAssembliesLoaded (0ms)
			ExecutionOrderSort2 (0ms)
			AwakeInstancesAfterBackupRestoration (4ms)
Platform modules already initialized, skipping
Switching build target platform(19) subTarget(0) extendedPlatform(0) -> platform(13) subTarget(537395200) extendedPlatform(0)
Refreshing native plugins compatible for Editor in 0.90 ms, found 2 plugins.
Preloading 0 native plugins for Editor in 0.00 ms.
Unloading 1972 Unused Serialized files (Serialized files now loaded: 0)
System memory in use before: 88.3 MB.
System memory in use after: 88.3 MB.

Unloading 14 unused Assets to reduce memory usage. Loaded Objects now: 2453.
Total: 5.660100 ms (FindLiveObjects: 0.288400 ms CreateObjectMapping: 0.162700 ms MarkObjects: 5.085800 ms  DeleteObjects: 0.121800 ms)

AssetImportParameters requested are different than current active one (requested -> active):
  custom:framework-win-MediaFoundation: 216162199b28c13a410421893ffa2e32 -> 
  custom:video-decoder-ogg-theora: a1e56fd34408186e4bbccfd4996cb3dc -> 
  custom:container-muxer-webm: aa71ff27fc2769a1b78a27578f13a17b -> 
  custom:container-demuxer-webm: 4f35f7cbe854078d1ac9338744f61a02 -> 
  custom:container-demuxer-ogg: 62fdf1f143b41e24485cea50d1cbac27 -> 
  custom:video-encoder-webm-vp8: eb34c28f22e8b96e1ab97ce403110664 -> 
  custom:video-decoder-webm-vp8: 9c59270c3fd7afecdb556c50c9e8de78 -> 
  custom:graphics/normal-map-encoding: 01000000000000000000000000000000 -> 02000000000000000000000000000000
  custom:audio-decoder-ogg-vorbis: bf7c407c2cedff20999df2af8eb42d56 -> 
  custom:audio-encoder-webm-vorbis: bf7c407c2cedff20999df2af8eb42d56 -> 
========================================================================
Received Prepare
Registering precompiled user dll's ...
Registered in 0.007789 seconds.
Begin MonoManager ReloadAssembly
Native extension for WindowsStandalone target not found
Native extension for WebGL target not found
Refreshing native plugins compatible for Editor in 0.89 ms, found 2 plugins.
Preloading 0 native plugins for Editor in 0.00 ms.
Mono: successfully reloaded assembly
- Completed reload, in  2.907 seconds
Domain Reload Profiling:
	ReloadAssembly (2908ms)
		BeginReloadAssembly (344ms)
			ExecutionOrderSort (0ms)
			DisableScriptedObjects (18ms)
			BackupInstance (0ms)
			ReleaseScriptingObjects (0ms)
			CreateAndSetChildDomain (77ms)
		EndReloadAssembly (2396ms)
			LoadAssemblies (219ms)
			RebuildTransferFunctionScriptingTraits (0ms)
			SetupTypeCache (1021ms)
			ReleaseScriptCaches (2ms)
			RebuildScriptCaches (119ms)
			SetupLoadedEditorAssemblies (754ms)
				LogAssemblyErrors (0ms)
				InitializePlatformSupportModulesInManaged (15ms)
				SetLoadedEditorAssemblies (1ms)
				RefreshPlugins (1ms)
				BeforeProcessingInitializeOnLoad (194ms)
				ProcessInitializeOnLoadAttributes (503ms)
				ProcessInitializeOnLoadMethodAttributes (31ms)
				AfterProcessingInitializeOnLoad (9ms)
				EditorAssembliesLoaded (1ms)
			ExecutionOrderSort2 (0ms)
			AwakeInstancesAfterBackupRestoration (4ms)
Platform modules already initialized, skipping
Switching build target platform(19) subTarget(0) extendedPlatform(0) -> platform(13) subTarget(537395200) extendedPlatform(0)
Refreshing native plugins compatible for Editor in 0.94 ms, found 2 plugins.
Preloading 0 native plugins for Editor in 0.00 ms.
Unloading 1972 Unused Serialized files (Serialized files now loaded: 0)
System memory in use before: 88.3 MB.
System memory in use after: 88.4 MB.

Unloading 14 unused Assets to reduce memory usage. Loaded Objects now: 2456.
Total: 6.111800 ms (FindLiveObjects: 0.300000 ms CreateObjectMapping: 0.157500 ms MarkObjects: 5.529900 ms  DeleteObjects: 0.122700 ms)

AssetImportParameters requested are different than current active one (requested -> active):
  custom:framework-win-MediaFoundation: 216162199b28c13a410421893ffa2e32 -> 
  custom:video-decoder-ogg-theora: a1e56fd34408186e4bbccfd4996cb3dc -> 
  custom:container-muxer-webm: aa71ff27fc2769a1b78a27578f13a17b -> 
  custom:container-demuxer-webm: 4f35f7cbe854078d1ac9338744f61a02 -> 
  custom:container-demuxer-ogg: 62fdf1f143b41e24485cea50d1cbac27 -> 
  custom:video-encoder-webm-vp8: eb34c28f22e8b96e1ab97ce403110664 -> 
  custom:video-decoder-webm-vp8: 9c59270c3fd7afecdb556c50c9e8de78 -> 
  custom:graphics/normal-map-encoding: 01000000000000000000000000000000 -> 02000000000000000000000000000000
  custom:audio-decoder-ogg-vorbis: bf7c407c2cedff20999df2af8eb42d56 -> 
  custom:audio-encoder-webm-vorbis: bf7c407c2cedff20999df2af8eb42d56 -> 
========================================================================
Received Import Request.
  Time since last request: 717.499932 seconds.
  path: Assets/Assets Folder/Low Poly ATM
  artifactKey: Guid(8fd84b0d945a6e94c99ed724eb1049ea) Importer(815301076,1909f56bfc062723c751e8b465ee728b)
Start importing Assets/Assets Folder/Low Poly ATM using Guid(8fd84b0d945a6e94c99ed724eb1049ea) Importer(815301076,1909f56bfc062723c751e8b465ee728b)  -> (artifact id: '5a3b68cf6d6611d7ce3768ba5bcbd90d') in 0.039011 seconds 
========================================================================
Received Import Request.
  Time since last request: 2.440959 seconds.
  path: Assets/Assets Folder/Low Poly ATM/Prefabs
  artifactKey: Guid(c38ae53197b607e4f9c0c5eede35dc9a) Importer(815301076,1909f56bfc062723c751e8b465ee728b)
Start importing Assets/Assets Folder/Low Poly ATM/Prefabs using Guid(c38ae53197b607e4f9c0c5eede35dc9a) Importer(815301076,1909f56bfc062723c751e8b465ee728b)  -> (artifact id: 'ae4765f13f52f757e5958d6b6ff4baa9') in 0.059783 seconds 
========================================================================
Received Import Request.
  Time since last request: 0.447902 seconds.
  path: Assets/Assets Folder/Low Poly ATM/Prefabs/ATM1.prefab
  artifactKey: Guid(dc90d554ef4c11844b2ac15acc133098) Importer(815301076,1909f56bfc062723c751e8b465ee728b)
Start importing Assets/Assets Folder/Low Poly ATM/Prefabs/ATM1.prefab using Guid(dc90d554ef4c11844b2ac15acc133098) Importer(815301076,1909f56bfc062723c751e8b465ee728b)  -> (artifact id: 'f471711460b2d88e6ed3aabc5f0e2d8c') in 0.635130 seconds 
========================================================================
Received Import Request.
  Time since last request: 0.212375 seconds.
  path: Assets/Assets Folder/Low Poly ATM/Prefabs/ATM2.prefab
  artifactKey: Guid(f7b2313a7ea7d3c468c920137406f346) Importer(815301076,1909f56bfc062723c751e8b465ee728b)
Start importing Assets/Assets Folder/Low Poly ATM/Prefabs/ATM2.prefab using Guid(f7b2313a7ea7d3c468c920137406f346) Importer(815301076,1909f56bfc062723c751e8b465ee728b)  -> (artifact id: '99da97e959e26ea717b6afbc51e06ee5') in 0.056993 seconds 
========================================================================
Received Import Request.
  Time since last request: 0.521538 seconds.
  path: Assets/Assets Folder/Low Poly ATM/Prefabs/ATM3.prefab
  artifactKey: Guid(f3f0b4f2ff1395e49b5030a84572002e) Importer(815301076,1909f56bfc062723c751e8b465ee728b)
Start importing Assets/Assets Folder/Low Poly ATM/Prefabs/ATM3.prefab using Guid(f3f0b4f2ff1395e49b5030a84572002e) Importer(815301076,1909f56bfc062723c751e8b465ee728b)  -> (artifact id: '7e0f5e4859622779188b03189f773bfb') in 0.049742 seconds 
========================================================================
Received Import Request.
  Time since last request: 1.650184 seconds.
  path: Assets/Assets Folder/Low Poly ATM/Prefabs/Bill1.prefab
  artifactKey: Guid(ed9242738df04ca4bacf816d376c9029) Importer(815301076,1909f56bfc062723c751e8b465ee728b)
Start importing Assets/Assets Folder/Low Poly ATM/Prefabs/Bill1.prefab using Guid(ed9242738df04ca4bacf816d376c9029) Importer(815301076,1909f56bfc062723c751e8b465ee728b)  -> (artifact id: '402903e0146a37956d287ad7dfc1188b') in 0.051800 seconds 
========================================================================
Received Import Request.
  Time since last request: 0.558799 seconds.
  path: Assets/Assets Folder/Low Poly ATM/Prefabs/Bill2.prefab
  artifactKey: Guid(5ed6b9e1bde769f4ebffc1f57976de2a) Importer(815301076,1909f56bfc062723c751e8b465ee728b)
Start importing Assets/Assets Folder/Low Poly ATM/Prefabs/Bill2.prefab using Guid(5ed6b9e1bde769f4ebffc1f57976de2a) Importer(815301076,1909f56bfc062723c751e8b465ee728b)  -> (artifact id: '78c1ee60876fe84df815960d40636547') in 0.041871 seconds 
========================================================================
Received Import Request.
  Time since last request: 1.784112 seconds.
  path: Assets/Assets Folder/Low Poly ATM/Prefabs/CreditCard.prefab
  artifactKey: Guid(9736d6c125a1f8547a3dc86ddcf8feaa) Importer(815301076,1909f56bfc062723c751e8b465ee728b)
Start importing Assets/Assets Folder/Low Poly ATM/Prefabs/CreditCard.prefab using Guid(9736d6c125a1f8547a3dc86ddcf8feaa) Importer(815301076,1909f56bfc062723c751e8b465ee728b)  -> (artifact id: '5e3281e82d50c4404f2b0ca7e2c66da3') in 0.038140 seconds 
========================================================================
Received Import Request.
  Time since last request: 1.009669 seconds.
  path: Assets/Assets Folder/Low Poly ATM/Prefabs/HC1.prefab
  artifactKey: Guid(1fa1df7a5c5c9e44cbe353cb895f69ad) Importer(815301076,1909f56bfc062723c751e8b465ee728b)
Start importing Assets/Assets Folder/Low Poly ATM/Prefabs/HC1.prefab using Guid(1fa1df7a5c5c9e44cbe353cb895f69ad) Importer(815301076,1909f56bfc062723c751e8b465ee728b)  -> (artifact id: '80795f02adf27bcb36f806db4ddc1716') in 0.040865 seconds 
========================================================================
Received Import Request.
  Time since last request: 1.336548 seconds.
  path: Assets/Assets Folder/Low Poly ATM/Prefabs/HC2.prefab
  artifactKey: Guid(e7b94f9907861444785b8e8e43ec0a49) Importer(815301076,1909f56bfc062723c751e8b465ee728b)
Start importing Assets/Assets Folder/Low Poly ATM/Prefabs/HC2.prefab using Guid(e7b94f9907861444785b8e8e43ec0a49) Importer(815301076,1909f56bfc062723c751e8b465ee728b)  -> (artifact id: '2abf7a1a195a3e0945a84c98105bc542') in 0.035433 seconds 
========================================================================
Received Import Request.
  Time since last request: 16.344377 seconds.
  path: Assets/Assets Folder/Low Poly ATM/Materials/Decals/banner.png
  artifactKey: Guid(8da67feae01bc2643ac1496b9c4f344e) Importer(815301076,1909f56bfc062723c751e8b465ee728b)
Start importing Assets/Assets Folder/Low Poly ATM/Materials/Decals/banner.png using Guid(8da67feae01bc2643ac1496b9c4f344e) Importer(815301076,1909f56bfc062723c751e8b465ee728b)  -> (artifact id: '241249a8b4d514a5dfa428640ea11252') in 0.166808 seconds 
========================================================================
Received Import Request.
  Time since last request: 2.686617 seconds.
  path: Assets/Assets Folder/Low Poly ATM/Materials/Decals/main.png
  artifactKey: Guid(8a073d15f4699e14db683ac260601e35) Importer(815301076,1909f56bfc062723c751e8b465ee728b)
Start importing Assets/Assets Folder/Low Poly ATM/Materials/Decals/main.png using Guid(8a073d15f4699e14db683ac260601e35) Importer(815301076,1909f56bfc062723c751e8b465ee728b)  -> (artifact id: 'bb921bdd63f04e9d84301fc486189913') in 0.036060 seconds 
========================================================================
Received Import Request.
  Time since last request: 1.104253 seconds.
  path: Assets/Assets Folder/Low Poly ATM/Materials/vertexcolorsstandard.shader
  artifactKey: Guid(0e5a2a1e0c4be6445ade8ef2556309a6) Importer(815301076,1909f56bfc062723c751e8b465ee728b)
Start importing Assets/Assets Folder/Low Poly ATM/Materials/vertexcolorsstandard.shader using Guid(0e5a2a1e0c4be6445ade8ef2556309a6) Importer(815301076,1909f56bfc062723c751e8b465ee728b)  -> (artifact id: '23973c80c879007670f0310e57d66edd') in 0.019719 seconds 
========================================================================
Received Import Request.
  Time since last request: 13.581756 seconds.
  path: Assets/Assets Folder/Low Poly ATM/Models/ATM1.FBX
  artifactKey: Guid(3d55057796203024ca0deaad7fd6a70c) Importer(815301076,1909f56bfc062723c751e8b465ee728b)
Start importing Assets/Assets Folder/Low Poly ATM/Models/ATM1.FBX using Guid(3d55057796203024ca0deaad7fd6a70c) Importer(815301076,1909f56bfc062723c751e8b465ee728b)  -> (artifact id: '431db774f2ffde6d459cd875c9e1c94a') in 0.143124 seconds 
========================================================================
Received Import Request.
  Time since last request: 1.411812 seconds.
  path: Assets/Assets Folder/Low Poly ATM/Models/HC1.FBX
  artifactKey: Guid(ba9e854121924544497b41db3d1674aa) Importer(815301076,1909f56bfc062723c751e8b465ee728b)
Start importing Assets/Assets Folder/Low Poly ATM/Models/HC1.FBX using Guid(ba9e854121924544497b41db3d1674aa) Importer(815301076,1909f56bfc062723c751e8b465ee728b)  -> (artifact id: 'ab64ef1199727c0cd0bd5e35c400f8e2') in 0.053838 seconds 
========================================================================
Received Import Request.
  Time since last request: 0.594584 seconds.
  path: Assets/Assets Folder/Low Poly ATM/Models/Bill2.FBX
  artifactKey: Guid(948fe3e6d744a6740ac7f319e1879473) Importer(815301076,1909f56bfc062723c751e8b465ee728b)
Start importing Assets/Assets Folder/Low Poly ATM/Models/Bill2.FBX using Guid(948fe3e6d744a6740ac7f319e1879473) Importer(815301076,1909f56bfc062723c751e8b465ee728b)  -> (artifact id: 'cc99910f6d0542a5ea6f5890cad45f29') in 0.044594 seconds 
========================================================================
Received Import Request.
  Time since last request: 6.694947 seconds.
  path: Assets/Assets Folder/Low Poly ATM/Materials/Decals/Materials
  artifactKey: Guid(dee71ef7489709241930fb4a89f94f72) Importer(815301076,1909f56bfc062723c751e8b465ee728b)
Start importing Assets/Assets Folder/Low Poly ATM/Materials/Decals/Materials using Guid(dee71ef7489709241930fb4a89f94f72) Importer(815301076,1909f56bfc062723c751e8b465ee728b)  -> (artifact id: '6a7d2954665dd2630de60778c7dc0002') in 0.023481 seconds 
========================================================================
Received Prepare
Registering precompiled user dll's ...
Registered in 0.006210 seconds.
Begin MonoManager ReloadAssembly
Native extension for WindowsStandalone target not found
Native extension for WebGL target not found
Refreshing native plugins compatible for Editor in 0.92 ms, found 2 plugins.
Preloading 0 native plugins for Editor in 0.00 ms.
Mono: successfully reloaded assembly
- Completed reload, in  2.331 seconds
Domain Reload Profiling:
	ReloadAssembly (2332ms)
		BeginReloadAssembly (256ms)
			ExecutionOrderSort (0ms)
			DisableScriptedObjects (9ms)
			BackupInstance (0ms)
			ReleaseScriptingObjects (0ms)
			CreateAndSetChildDomain (71ms)
		EndReloadAssembly (1934ms)
			LoadAssemblies (210ms)
			RebuildTransferFunctionScriptingTraits (0ms)
			SetupTypeCache (682ms)
			ReleaseScriptCaches (2ms)
			RebuildScriptCaches (92ms)
			SetupLoadedEditorAssemblies (717ms)
				LogAssemblyErrors (0ms)
				InitializePlatformSupportModulesInManaged (12ms)
				SetLoadedEditorAssemblies (1ms)
				RefreshPlugins (1ms)
				BeforeProcessingInitializeOnLoad (183ms)
				ProcessInitializeOnLoadAttributes (471ms)
				ProcessInitializeOnLoadMethodAttributes (36ms)
				AfterProcessingInitializeOnLoad (11ms)
				EditorAssembliesLoaded (1ms)
			ExecutionOrderSort2 (0ms)
			AwakeInstancesAfterBackupRestoration (5ms)
Platform modules already initialized, skipping
Switching build target platform(19) subTarget(0) extendedPlatform(0) -> platform(13) subTarget(537395200) extendedPlatform(0)
Refreshing native plugins compatible for Editor in 0.91 ms, found 2 plugins.
Preloading 0 native plugins for Editor in 0.00 ms.
Unloading 1973 Unused Serialized files (Serialized files now loaded: 0)
System memory in use before: 92.2 MB.
System memory in use after: 92.2 MB.

Unloading 14 unused Assets to reduce memory usage. Loaded Objects now: 2507.
Total: 6.318300 ms (FindLiveObjects: 0.282600 ms CreateObjectMapping: 0.156800 ms MarkObjects: 5.753400 ms  DeleteObjects: 0.123300 ms)

AssetImportParameters requested are different than current active one (requested -> active):
  custom:framework-win-MediaFoundation: 216162199b28c13a410421893ffa2e32 -> 
  custom:video-decoder-ogg-theora: a1e56fd34408186e4bbccfd4996cb3dc -> 
  custom:container-muxer-webm: aa71ff27fc2769a1b78a27578f13a17b -> 
  custom:container-demuxer-webm: 4f35f7cbe854078d1ac9338744f61a02 -> 
  custom:container-demuxer-ogg: 62fdf1f143b41e24485cea50d1cbac27 -> 
  custom:video-encoder-webm-vp8: eb34c28f22e8b96e1ab97ce403110664 -> 
  custom:video-decoder-webm-vp8: 9c59270c3fd7afecdb556c50c9e8de78 -> 
  custom:graphics/normal-map-encoding: 01000000000000000000000000000000 -> 02000000000000000000000000000000
  custom:audio-decoder-ogg-vorbis: bf7c407c2cedff20999df2af8eb42d56 -> 
  custom:audio-encoder-webm-vorbis: bf7c407c2cedff20999df2af8eb42d56 -> 
========================================================================
Received Prepare
Registering precompiled user dll's ...
Registered in 0.006130 seconds.
Begin MonoManager ReloadAssembly
Native extension for WindowsStandalone target not found
Native extension for WebGL target not found
Refreshing native plugins compatible for Editor in 0.94 ms, found 2 plugins.
Preloading 0 native plugins for Editor in 0.00 ms.
Mono: successfully reloaded assembly
- Completed reload, in  2.439 seconds
Domain Reload Profiling:
	ReloadAssembly (2440ms)
		BeginReloadAssembly (255ms)
			ExecutionOrderSort (0ms)
			DisableScriptedObjects (10ms)
			BackupInstance (0ms)
			ReleaseScriptingObjects (0ms)
			CreateAndSetChildDomain (68ms)
		EndReloadAssembly (2037ms)
			LoadAssemblies (241ms)
			RebuildTransferFunctionScriptingTraits (0ms)
			SetupTypeCache (702ms)
			ReleaseScriptCaches (2ms)
			RebuildScriptCaches (103ms)
			SetupLoadedEditorAssemblies (718ms)
				LogAssemblyErrors (0ms)
				InitializePlatformSupportModulesInManaged (12ms)
				SetLoadedEditorAssemblies (1ms)
				RefreshPlugins (1ms)
				BeforeProcessingInitializeOnLoad (187ms)
				ProcessInitializeOnLoadAttributes (473ms)
				ProcessInitializeOnLoadMethodAttributes (34ms)
				AfterProcessingInitializeOnLoad (9ms)
				EditorAssembliesLoaded (1ms)
			ExecutionOrderSort2 (0ms)
			AwakeInstancesAfterBackupRestoration (5ms)
Platform modules already initialized, skipping
Switching build target platform(19) subTarget(0) extendedPlatform(0) -> platform(13) subTarget(537395200) extendedPlatform(0)
Refreshing native plugins compatible for Editor in 1.83 ms, found 2 plugins.
Preloading 0 native plugins for Editor in 0.00 ms.
Unloading 1972 Unused Serialized files (Serialized files now loaded: 0)
System memory in use before: 92.2 MB.
System memory in use after: 92.2 MB.

Unloading 14 unused Assets to reduce memory usage. Loaded Objects now: 2510.
Total: 7.767300 ms (FindLiveObjects: 0.569000 ms CreateObjectMapping: 0.311000 ms MarkObjects: 6.702200 ms  DeleteObjects: 0.181600 ms)

AssetImportParameters requested are different than current active one (requested -> active):
  custom:framework-win-MediaFoundation: 216162199b28c13a410421893ffa2e32 -> 
  custom:video-decoder-ogg-theora: a1e56fd34408186e4bbccfd4996cb3dc -> 
  custom:container-muxer-webm: aa71ff27fc2769a1b78a27578f13a17b -> 
  custom:container-demuxer-webm: 4f35f7cbe854078d1ac9338744f61a02 -> 
  custom:container-demuxer-ogg: 62fdf1f143b41e24485cea50d1cbac27 -> 
  custom:video-encoder-webm-vp8: eb34c28f22e8b96e1ab97ce403110664 -> 
  custom:video-decoder-webm-vp8: 9c59270c3fd7afecdb556c50c9e8de78 -> 
  custom:graphics/normal-map-encoding: 01000000000000000000000000000000 -> 02000000000000000000000000000000
  custom:audio-decoder-ogg-vorbis: bf7c407c2cedff20999df2af8eb42d56 -> 
  custom:audio-encoder-webm-vorbis: bf7c407c2cedff20999df2af8eb42d56 -> 
========================================================================
Received Prepare
Registering precompiled user dll's ...
Registered in 0.006218 seconds.
Begin MonoManager ReloadAssembly
Native extension for WindowsStandalone target not found
Native extension for WebGL target not found
Refreshing native plugins compatible for Editor in 0.94 ms, found 2 plugins.
Preloading 0 native plugins for Editor in 0.00 ms.
Mono: successfully reloaded assembly
- Completed reload, in  2.356 seconds
Domain Reload Profiling:
	ReloadAssembly (2357ms)
		BeginReloadAssembly (248ms)
			ExecutionOrderSort (0ms)
			DisableScriptedObjects (10ms)
			BackupInstance (0ms)
			ReleaseScriptingObjects (0ms)
			CreateAndSetChildDomain (65ms)
		EndReloadAssembly (1967ms)
			LoadAssemblies (214ms)
			RebuildTransferFunctionScriptingTraits (0ms)
			SetupTypeCache (687ms)
			ReleaseScriptCaches (2ms)
			RebuildScriptCaches (93ms)
			SetupLoadedEditorAssemblies (729ms)
				LogAssemblyErrors (0ms)
				InitializePlatformSupportModulesInManaged (12ms)
				SetLoadedEditorAssemblies (1ms)
				RefreshPlugins (1ms)
				BeforeProcessingInitializeOnLoad (198ms)
				ProcessInitializeOnLoadAttributes (477ms)
				ProcessInitializeOnLoadMethodAttributes (31ms)
				AfterProcessingInitializeOnLoad (9ms)
				EditorAssembliesLoaded (1ms)
			ExecutionOrderSort2 (0ms)
			AwakeInstancesAfterBackupRestoration (4ms)
Platform modules already initialized, skipping
Switching build target platform(19) subTarget(0) extendedPlatform(0) -> platform(13) subTarget(537395200) extendedPlatform(0)
Refreshing native plugins compatible for Editor in 1.03 ms, found 2 plugins.
Preloading 0 native plugins for Editor in 0.00 ms.
Unloading 1972 Unused Serialized files (Serialized files now loaded: 0)
System memory in use before: 92.2 MB.
System memory in use after: 92.2 MB.

Unloading 14 unused Assets to reduce memory usage. Loaded Objects now: 2513.
Total: 6.391500 ms (FindLiveObjects: 0.325300 ms CreateObjectMapping: 0.165300 ms MarkObjects: 5.772400 ms  DeleteObjects: 0.126900 ms)

AssetImportParameters requested are different than current active one (requested -> active):
  custom:framework-win-MediaFoundation: 216162199b28c13a410421893ffa2e32 -> 
  custom:video-decoder-ogg-theora: a1e56fd34408186e4bbccfd4996cb3dc -> 
  custom:container-muxer-webm: aa71ff27fc2769a1b78a27578f13a17b -> 
  custom:container-demuxer-webm: 4f35f7cbe854078d1ac9338744f61a02 -> 
  custom:container-demuxer-ogg: 62fdf1f143b41e24485cea50d1cbac27 -> 
  custom:video-encoder-webm-vp8: eb34c28f22e8b96e1ab97ce403110664 -> 
  custom:video-decoder-webm-vp8: 9c59270c3fd7afecdb556c50c9e8de78 -> 
  custom:graphics/normal-map-encoding: 01000000000000000000000000000000 -> 02000000000000000000000000000000
  custom:audio-decoder-ogg-vorbis: bf7c407c2cedff20999df2af8eb42d56 -> 
  custom:audio-encoder-webm-vorbis: bf7c407c2cedff20999df2af8eb42d56 -> 
========================================================================
Received Import Request.
  Time since last request: 527.965277 seconds.
  path: Assets/Assets Folder/Low Poly ATM/Prefabs/HC1.prefab
  artifactKey: Guid(1fa1df7a5c5c9e44cbe353cb895f69ad) Importer(815301076,1909f56bfc062723c751e8b465ee728b)
Start importing Assets/Assets Folder/Low Poly ATM/Prefabs/HC1.prefab using Guid(1fa1df7a5c5c9e44cbe353cb895f69ad) Importer(815301076,1909f56bfc062723c751e8b465ee728b)  -> (artifact id: 'a12ac4e6b535982a783380e4672a4227') in 0.166230 seconds 
========================================================================
Received Import Request.
  Time since last request: 3.918406 seconds.
  path: ProjectSettings/TagManager.asset
  artifactKey: Guid(00000000000000003000000000000000) Importer(815301076,1909f56bfc062723c751e8b465ee728b)
Start importing ProjectSettings/TagManager.asset using Guid(00000000000000003000000000000000) Importer(815301076,1909f56bfc062723c751e8b465ee728b)  -> (artifact id: 'd10a79cb75ad21c863d1a8e780f44cc4') in 0.020543 seconds 
========================================================================
Received Import Request.
  Time since last request: 7.184200 seconds.
  path: Assets/Assets Folder/Low Poly ATM/Prefabs/HC1.prefab
  artifactKey: Guid(1fa1df7a5c5c9e44cbe353cb895f69ad) Importer(815301076,1909f56bfc062723c751e8b465ee728b)
Start importing Assets/Assets Folder/Low Poly ATM/Prefabs/HC1.prefab using Guid(1fa1df7a5c5c9e44cbe353cb895f69ad) Importer(815301076,1909f56bfc062723c751e8b465ee728b)  -> (artifact id: 'e4692ee97d1ec7ff8726271592394774') in 0.023696 seconds 
========================================================================
Received Prepare
Registering precompiled user dll's ...
Registered in 0.008184 seconds.
Begin MonoManager ReloadAssembly
Native extension for WindowsStandalone target not found
Native extension for WebGL target not found
Refreshing native plugins compatible for Editor in 0.94 ms, found 2 plugins.
Preloading 0 native plugins for Editor in 0.00 ms.
Mono: successfully reloaded assembly
- Completed reload, in  2.332 seconds
Domain Reload Profiling:
	ReloadAssembly (2333ms)
		BeginReloadAssembly (271ms)
			ExecutionOrderSort (0ms)
			DisableScriptedObjects (9ms)
			BackupInstance (0ms)
			ReleaseScriptingObjects (0ms)
			CreateAndSetChildDomain (66ms)
		EndReloadAssembly (1920ms)
			LoadAssemblies (231ms)
			RebuildTransferFunctionScriptingTraits (0ms)
			SetupTypeCache (668ms)
			ReleaseScriptCaches (2ms)
			RebuildScriptCaches (93ms)
			SetupLoadedEditorAssemblies (684ms)
				LogAssemblyErrors (0ms)
				InitializePlatformSupportModulesInManaged (12ms)
				SetLoadedEditorAssemblies (1ms)
				RefreshPlugins (1ms)
				BeforeProcessingInitializeOnLoad (187ms)
				ProcessInitializeOnLoadAttributes (444ms)
				ProcessInitializeOnLoadMethodAttributes (31ms)
				AfterProcessingInitializeOnLoad (9ms)
				EditorAssembliesLoaded (0ms)
			ExecutionOrderSort2 (0ms)
			AwakeInstancesAfterBackupRestoration (4ms)
Platform modules already initialized, skipping
Switching build target platform(19) subTarget(0) extendedPlatform(0) -> platform(13) subTarget(537395200) extendedPlatform(0)
Refreshing native plugins compatible for Editor in 1.06 ms, found 2 plugins.
Preloading 0 native plugins for Editor in 0.00 ms.
Unloading 1972 Unused Serialized files (Serialized files now loaded: 0)
System memory in use before: 92.2 MB.
System memory in use after: 92.3 MB.

Unloading 15 unused Assets to reduce memory usage. Loaded Objects now: 2517.
Total: 5.998200 ms (FindLiveObjects: 0.286000 ms CreateObjectMapping: 0.151100 ms MarkObjects: 5.434900 ms  DeleteObjects: 0.124600 ms)

AssetImportParameters requested are different than current active one (requested -> active):
  custom:framework-win-MediaFoundation: 216162199b28c13a410421893ffa2e32 -> 
  custom:video-decoder-ogg-theora: a1e56fd34408186e4bbccfd4996cb3dc -> 
  custom:container-muxer-webm: aa71ff27fc2769a1b78a27578f13a17b -> 
  custom:container-demuxer-webm: 4f35f7cbe854078d1ac9338744f61a02 -> 
  custom:container-demuxer-ogg: 62fdf1f143b41e24485cea50d1cbac27 -> 
  custom:video-encoder-webm-vp8: eb34c28f22e8b96e1ab97ce403110664 -> 
  custom:video-decoder-webm-vp8: 9c59270c3fd7afecdb556c50c9e8de78 -> 
  custom:graphics/normal-map-encoding: 01000000000000000000000000000000 -> 02000000000000000000000000000000
  custom:audio-decoder-ogg-vorbis: bf7c407c2cedff20999df2af8eb42d56 -> 
  custom:audio-encoder-webm-vorbis: bf7c407c2cedff20999df2af8eb42d56 -> 
========================================================================
Received Import Request.
  Time since last request: 155.147084 seconds.
  path: Assets/Game Folder/Scripts/BuyManager.cs
  artifactKey: Guid(725a1394ec0946749a181e9f2b7cbcb2) Importer(815301076,1909f56bfc062723c751e8b465ee728b)
Start importing Assets/Game Folder/Scripts/BuyManager.cs using Guid(725a1394ec0946749a181e9f2b7cbcb2) Importer(815301076,1909f56bfc062723c751e8b465ee728b)  -> (artifact id: '5067c6b0fbda31fae4e13fd4df02db98') in 0.024387 seconds 
========================================================================
Received Prepare
Registering precompiled user dll's ...
Registered in 0.006405 seconds.
Begin MonoManager ReloadAssembly
Native extension for WindowsStandalone target not found
Native extension for WebGL target not found
Refreshing native plugins compatible for Editor in 1.15 ms, found 2 plugins.
Preloading 0 native plugins for Editor in 0.00 ms.
Mono: successfully reloaded assembly
- Completed reload, in  2.553 seconds
Domain Reload Profiling:
	ReloadAssembly (2554ms)
		BeginReloadAssembly (280ms)
			ExecutionOrderSort (0ms)
			DisableScriptedObjects (21ms)
			BackupInstance (0ms)
			ReleaseScriptingObjects (0ms)
			CreateAndSetChildDomain (72ms)
		EndReloadAssembly (2135ms)
			LoadAssemblies (221ms)
			RebuildTransferFunctionScriptingTraits (0ms)
			SetupTypeCache (712ms)
			ReleaseScriptCaches (2ms)
			RebuildScriptCaches (109ms)
			SetupLoadedEditorAssemblies (811ms)
				LogAssemblyErrors (0ms)
				InitializePlatformSupportModulesInManaged (12ms)
				SetLoadedEditorAssemblies (1ms)
				RefreshPlugins (1ms)
				BeforeProcessingInitializeOnLoad (201ms)
				ProcessInitializeOnLoadAttributes (550ms)
				ProcessInitializeOnLoadMethodAttributes (35ms)
				AfterProcessingInitializeOnLoad (10ms)
				EditorAssembliesLoaded (1ms)
			ExecutionOrderSort2 (0ms)
			AwakeInstancesAfterBackupRestoration (6ms)
Platform modules already initialized, skipping
Switching build target platform(19) subTarget(0) extendedPlatform(0) -> platform(13) subTarget(537395200) extendedPlatform(0)
Refreshing native plugins compatible for Editor in 0.92 ms, found 2 plugins.
Preloading 0 native plugins for Editor in 0.00 ms.
Unloading 1973 Unused Serialized files (Serialized files now loaded: 0)
System memory in use before: 92.2 MB.
System memory in use after: 92.3 MB.

Unloading 14 unused Assets to reduce memory usage. Loaded Objects now: 2521.
Total: 6.318700 ms (FindLiveObjects: 0.445600 ms CreateObjectMapping: 0.235100 ms MarkObjects: 5.510900 ms  DeleteObjects: 0.125200 ms)

AssetImportParameters requested are different than current active one (requested -> active):
  custom:framework-win-MediaFoundation: 216162199b28c13a410421893ffa2e32 -> 
  custom:video-decoder-ogg-theora: a1e56fd34408186e4bbccfd4996cb3dc -> 
  custom:container-muxer-webm: aa71ff27fc2769a1b78a27578f13a17b -> 
  custom:container-demuxer-webm: 4f35f7cbe854078d1ac9338744f61a02 -> 
  custom:container-demuxer-ogg: 62fdf1f143b41e24485cea50d1cbac27 -> 
  custom:video-encoder-webm-vp8: eb34c28f22e8b96e1ab97ce403110664 -> 
  custom:video-decoder-webm-vp8: 9c59270c3fd7afecdb556c50c9e8de78 -> 
  custom:graphics/normal-map-encoding: 01000000000000000000000000000000 -> 02000000000000000000000000000000
  custom:audio-decoder-ogg-vorbis: bf7c407c2cedff20999df2af8eb42d56 -> 
  custom:audio-encoder-webm-vorbis: bf7c407c2cedff20999df2af8eb42d56 -> 
========================================================================
Received Import Request.
  Time since last request: 134.761298 seconds.
  path: Assets/Game Folder/Scripts/BuyManager.cs
  artifactKey: Guid(725a1394ec0946749a181e9f2b7cbcb2) Importer(815301076,1909f56bfc062723c751e8b465ee728b)
Start importing Assets/Game Folder/Scripts/BuyManager.cs using Guid(725a1394ec0946749a181e9f2b7cbcb2) Importer(815301076,1909f56bfc062723c751e8b465ee728b)  -> (artifact id: 'b9e5f567942b91f8127afbf1369cac7d') in 0.005206 seconds 
========================================================================
Received Prepare
Registering precompiled user dll's ...
Registered in 0.006892 seconds.
Begin MonoManager ReloadAssembly
Native extension for WindowsStandalone target not found
Native extension for WebGL target not found
Refreshing native plugins compatible for Editor in 1.01 ms, found 2 plugins.
Preloading 0 native plugins for Editor in 0.00 ms.
Mono: successfully reloaded assembly
- Completed reload, in  2.334 seconds
Domain Reload Profiling:
	ReloadAssembly (2335ms)
		BeginReloadAssembly (256ms)
			ExecutionOrderSort (0ms)
			DisableScriptedObjects (10ms)
			BackupInstance (0ms)
			ReleaseScriptingObjects (0ms)
			CreateAndSetChildDomain (76ms)
		EndReloadAssembly (1930ms)
			LoadAssemblies (214ms)
			RebuildTransferFunctionScriptingTraits (0ms)
			SetupTypeCache (653ms)
			ReleaseScriptCaches (2ms)
			RebuildScriptCaches (94ms)
			SetupLoadedEditorAssemblies (685ms)
				LogAssemblyErrors (0ms)
				InitializePlatformSupportModulesInManaged (12ms)
				SetLoadedEditorAssemblies (1ms)
				RefreshPlugins (1ms)
				BeforeProcessingInitializeOnLoad (178ms)
				ProcessInitializeOnLoadAttributes (450ms)
				ProcessInitializeOnLoadMethodAttributes (33ms)
				AfterProcessingInitializeOnLoad (9ms)
				EditorAssembliesLoaded (1ms)
			ExecutionOrderSort2 (0ms)
			AwakeInstancesAfterBackupRestoration (4ms)
Platform modules already initialized, skipping
Switching build target platform(19) subTarget(0) extendedPlatform(0) -> platform(13) subTarget(537395200) extendedPlatform(0)
Refreshing native plugins compatible for Editor in 0.88 ms, found 2 plugins.
Preloading 0 native plugins for Editor in 0.00 ms.
Unloading 1973 Unused Serialized files (Serialized files now loaded: 0)
System memory in use before: 92.1 MB.
System memory in use after: 92.2 MB.

Unloading 14 unused Assets to reduce memory usage. Loaded Objects now: 2524.
Total: 5.959600 ms (FindLiveObjects: 0.296300 ms CreateObjectMapping: 0.155600 ms MarkObjects: 5.377000 ms  DeleteObjects: 0.129200 ms)

AssetImportParameters requested are different than current active one (requested -> active):
  custom:framework-win-MediaFoundation: 216162199b28c13a410421893ffa2e32 -> 
  custom:video-decoder-ogg-theora: a1e56fd34408186e4bbccfd4996cb3dc -> 
  custom:container-muxer-webm: aa71ff27fc2769a1b78a27578f13a17b -> 
  custom:container-demuxer-webm: 4f35f7cbe854078d1ac9338744f61a02 -> 
  custom:container-demuxer-ogg: 62fdf1f143b41e24485cea50d1cbac27 -> 
  custom:video-encoder-webm-vp8: eb34c28f22e8b96e1ab97ce403110664 -> 
  custom:video-decoder-webm-vp8: 9c59270c3fd7afecdb556c50c9e8de78 -> 
  custom:graphics/normal-map-encoding: 01000000000000000000000000000000 -> 02000000000000000000000000000000
  custom:audio-decoder-ogg-vorbis: bf7c407c2cedff20999df2af8eb42d56 -> 
  custom:audio-encoder-webm-vorbis: bf7c407c2cedff20999df2af8eb42d56 -> 
